Using pre-set license
Built from '2020.3/staging' branch; Version is '2020.3.8f1 (507919d4fff5) revision 5273881'; Using compiler version '192528614'; Build Type 'Release'
OS: 'Windows 10 Pro; OS build 19042.985; Version 2009; 64bit' Language: 'pt' Physical Memory: 6020 MB
BatchMode: 1, IsHumanControllingUs: 0, StartBugReporterOnCrash: 0, Is64bit: 1, IsPro: 0

 COMMAND LINE ARGUMENTS:
C:\Program Files\Unity\Hub\Editor\2020.3.8f1\Editor\Unity.exe
-adb2
-batchMode
-noUpm
-name
AssetImportWorker0
-projectPath
C:/Users/Allan/Documents/UnityProjects/Unity-NativeWebSocket-Client
-logFile
Logs/AssetImportWorker0.log
-srvPort
50966
Successfully changed project path to: C:/Users/Allan/Documents/UnityProjects/Unity-NativeWebSocket-Client
C:/Users/Allan/Documents/UnityProjects/Unity-NativeWebSocket-Client
Using Asset Import Pipeline V2.
Refreshing native plugins compatible for Editor in 73.30 ms, found 0 plugins.
Preloading 0 native plugins for Editor in 0.00 ms.
Initialize engine version: 2020.3.8f1 (507919d4fff5)
[Subsystems] Discovering subsystems at path C:/Program Files/Unity/Hub/Editor/2020.3.8f1/Editor/Data/Resources/UnitySubsystems
[Subsystems] Discovering subsystems at path C:/Users/Allan/Documents/UnityProjects/Unity-NativeWebSocket-Client/Assets
GfxDevice: creating device client; threaded=0
Direct3D:
    Version:  Direct3D 11.0 [level 11.1]
    Renderer: AMD Radeon(TM) Vega 8 Graphics (ID=0x15d8)
    Vendor:   
    VRAM:     3010 MB
    Driver:   26.20.14046.3
Shader 'Universal Render Pipeline/Particles/Lit': fallback shader 'Universal Render Pipeline/Particles/SimpleLit' not found
Initialize mono
Mono path[0] = 'C:/Program Files/Unity/Hub/Editor/2020.3.8f1/Editor/Data/Managed'
Mono path[1] = 'C:/Program Files/Unity/Hub/Editor/2020.3.8f1/Editor/Data/MonoBleedingEdge/lib/mono/unityjit'
Mono config path = 'C:/Program Files/Unity/Hub/Editor/2020.3.8f1/Editor/Data/MonoBleedingEdge/etc'
Using monoOptions --debugger-agent=transport=dt_socket,embedding=1,server=y,suspend=n,address=127.0.0.1:56184
Begin MonoManager ReloadAssembly
Registering precompiled unity dll's ...
Register platform support module: C:/Program Files/Unity/Hub/Editor/2020.3.8f1/Editor/Data/PlaybackEngines/WindowsStandaloneSupport/UnityEditor.WindowsStandalone.Extensions.dll
Registered in 0.002669 seconds.
Native extension for WindowsStandalone target not found
Refreshing native plugins compatible for Editor in 62.06 ms, found 0 plugins.
Preloading 0 native plugins for Editor in 0.00 ms.
Mono: successfully reloaded assembly
- Completed reload, in  1.810 seconds
Platform modules already initialized, skipping
Registering precompiled user dll's ...
Registered in 0.002592 seconds.
Begin MonoManager ReloadAssembly
Native extension for WindowsStandalone target not found
Refreshing native plugins compatible for Editor in 67.64 ms, found 0 plugins.
Preloading 0 native plugins for Editor in 0.00 ms.
Mono: successfully reloaded assembly
- Completed reload, in  1.467 seconds
Platform modules already initialized, skipping
========================================================================
Worker process is ready to serve import requests
Shader 'Universal Render Pipeline/Particles/Lit': fallback shader 'Universal Render Pipeline/Particles/SimpleLit' not found
Launched and connected shader compiler UnityShaderCompiler.exe after 0.13 seconds
Refreshing native plugins compatible for Editor in 0.59 ms, found 0 plugins.
Preloading 0 native plugins for Editor in 0.00 ms.
Unloading 2606 Unused Serialized files (Serialized files now loaded: 0)
System memory in use before: 119.4 MB.
System memory in use after: 119.5 MB.

Unloading 12 unused Assets to reduce memory usage. Loaded Objects now: 3045.
Total: 3.650100 ms (FindLiveObjects: 0.377700 ms CreateObjectMapping: 0.100500 ms MarkObjects: 3.029800 ms  DeleteObjects: 0.140000 ms)

========================================================================
Received Import Request.
  path: Assets/TileBase.tsx
  artifactKey: Guid(c4e1614be1812da489415fb39bf2e5db) Importer(815301076,1909f56bfc062723c751e8b465ee728b)
Start importing Assets/TileBase.tsx using Guid(c4e1614be1812da489415fb39bf2e5db) Importer(815301076,1909f56bfc062723c751e8b465ee728b)  -> (artifact id: '4e3207173125c5331294217842f7eeb0') in 0.116765 seconds
  Import took 0.138884 seconds .

========================================================================
Received Import Request.
  Time since last request: 70.726102 seconds.
  path: Assets/TilesBase_Normal.png
  artifactKey: Guid(ab1e77e2dde016a48a8d057432e29350) Importer(815301076,1909f56bfc062723c751e8b465ee728b)
Start importing Assets/TilesBase_Normal.png using Guid(ab1e77e2dde016a48a8d057432e29350) Importer(815301076,1909f56bfc062723c751e8b465ee728b)  -> (artifact id: 'd1a518330666ea638b5d434dc239f094') in 0.211290 seconds
  Import took 0.221142 seconds .

========================================================================
Received Import Request.
  Time since last request: 9.901122 seconds.
  path: Assets/TileBase.tmx
  artifactKey: Guid(c26066bee3266484ab110afff550a86b) Importer(815301076,1909f56bfc062723c751e8b465ee728b)
Start importing Assets/TileBase.tmx using Guid(c26066bee3266484ab110afff550a86b) Importer(815301076,1909f56bfc062723c751e8b465ee728b)  -> (artifact id: 'd0d53a19dd8a920b519b3916ddb35a77') in 0.048498 seconds
  Import took 0.066583 seconds .

========================================================================
Received Import Request.
  Time since last request: 1328.266236 seconds.
  path: Assets/TilesBase_Normal.png
  artifactKey: Guid(ab1e77e2dde016a48a8d057432e29350) Importer(815301076,1909f56bfc062723c751e8b465ee728b)
Start importing Assets/TilesBase_Normal.png using Guid(ab1e77e2dde016a48a8d057432e29350) Importer(815301076,1909f56bfc062723c751e8b465ee728b)  -> (artifact id: '2ab412cec6aa336030724878a5204930') in 0.076058 seconds
  Import took 0.083133 seconds .

========================================================================
Received Import Request.
  Time since last request: 27.907628 seconds.
  path: Assets/TilesBase_Normal.png
  artifactKey: Guid(ab1e77e2dde016a48a8d057432e29350) Importer(815301076,1909f56bfc062723c751e8b465ee728b)
Start importing Assets/TilesBase_Normal.png using Guid(ab1e77e2dde016a48a8d057432e29350) Importer(815301076,1909f56bfc062723c751e8b465ee728b)  -> (artifact id: '6d3c87703505ed7be758d566b7f05875') in 0.023711 seconds
  Import took 0.043795 seconds .

========================================================================
Received Import Request.
  Time since last request: 5656.005574 seconds.
  path: Assets/TilesBase.png
  artifactKey: Guid(9702edc830898e44ea54b11079352397) Importer(815301076,1909f56bfc062723c751e8b465ee728b)
Start importing Assets/TilesBase.png using Guid(9702edc830898e44ea54b11079352397) Importer(815301076,1909f56bfc062723c751e8b465ee728b)  -> (artifact id: 'ea655fc02e9fe2916c93d3ee42013a2b') in 0.288901 seconds
  Import took 0.347737 seconds .

========================================================================
Received Import Request.
  Time since last request: 5.194376 seconds.
  path: Assets/TilesBase_Normal.png
  artifactKey: Guid(ab1e77e2dde016a48a8d057432e29350) Importer(815301076,1909f56bfc062723c751e8b465ee728b)
Start importing Assets/TilesBase_Normal.png using Guid(ab1e77e2dde016a48a8d057432e29350) Importer(815301076,1909f56bfc062723c751e8b465ee728b)  -> (artifact id: '7d65d17f7e4a6910080cc2a3263c59f9') in 0.027076 seconds
  Import took 0.047661 seconds .

========================================================================
Received Import Request.
  Time since last request: 709.760571 seconds.
  path: Assets/TilesBase_Normal.png
  artifactKey: Guid(ab1e77e2dde016a48a8d057432e29350) Importer(815301076,1909f56bfc062723c751e8b465ee728b)
Start importing Assets/TilesBase_Normal.png using Guid(ab1e77e2dde016a48a8d057432e29350) Importer(815301076,1909f56bfc062723c751e8b465ee728b)  -> (artifact id: 'f8b52b95788a40cefc7cb9b6e82dfcea') in 0.019025 seconds
  Import took 0.038571 seconds .

AssetImportWorkerClient::OnTransportError - code=2 error=End of file
