Using pre-set license
Built from '2020.3/staging' branch; Version is '2020.3.8f1 (507919d4fff5) revision 5273881'; Using compiler version '192528614'; Build Type 'Release'
OS: 'Windows 10 Pro; OS build 19042.985; Version 2009; 64bit' Language: 'pt' Physical Memory: 6020 MB
BatchMode: 1, IsHumanControllingUs: 0, StartBugReporterOnCrash: 0, Is64bit: 1, IsPro: 0

 COMMAND LINE ARGUMENTS:
C:\Program Files\Unity\Hub\Editor\2020.3.8f1\Editor\Unity.exe
-adb2
-batchMode
-noUpm
-name
AssetImportWorker1
-projectPath
C:/Users/Allan/Documents/UnityProjects/Unity-NativeWebSocket-Client
-logFile
Logs/AssetImportWorker1.log
-srvPort
55825
Successfully changed project path to: C:/Users/Allan/Documents/UnityProjects/Unity-NativeWebSocket-Client
C:/Users/Allan/Documents/UnityProjects/Unity-NativeWebSocket-Client
Using Asset Import Pipeline V2.
Refreshing native plugins compatible for Editor in 28.02 ms, found 0 plugins.
Preloading 0 native plugins for Editor in 0.00 ms.
Initialize engine version: 2020.3.8f1 (507919d4fff5)
[Subsystems] Discovering subsystems at path C:/Program Files/Unity/Hub/Editor/2020.3.8f1/Editor/Data/Resources/UnitySubsystems
[Subsystems] Discovering subsystems at path C:/Users/Allan/Documents/UnityProjects/Unity-NativeWebSocket-Client/Assets
GfxDevice: creating device client; threaded=0
Direct3D:
    Version:  Direct3D 11.0 [level 11.1]
    Renderer: AMD Radeon(TM) Vega 8 Graphics (ID=0x15d8)
    Vendor:   
    VRAM:     3010 MB
    Driver:   26.20.14046.3
Initialize mono
Mono path[0] = 'C:/Program Files/Unity/Hub/Editor/2020.3.8f1/Editor/Data/Managed'
Mono path[1] = 'C:/Program Files/Unity/Hub/Editor/2020.3.8f1/Editor/Data/MonoBleedingEdge/lib/mono/unityjit'
Mono config path = 'C:/Program Files/Unity/Hub/Editor/2020.3.8f1/Editor/Data/MonoBleedingEdge/etc'
Using monoOptions --debugger-agent=transport=dt_socket,embedding=1,server=y,suspend=n,address=127.0.0.1:56632
Begin MonoManager ReloadAssembly
Registering precompiled unity dll's ...
Register platform support module: C:/Program Files/Unity/Hub/Editor/2020.3.8f1/Editor/Data/PlaybackEngines/WindowsStandaloneSupport/UnityEditor.WindowsStandalone.Extensions.dll
Registered in 0.002523 seconds.
Native extension for WindowsStandalone target not found
Refreshing native plugins compatible for Editor in 30.36 ms, found 0 plugins.
Preloading 0 native plugins for Editor in 0.00 ms.
Mono: successfully reloaded assembly
- Completed reload, in  1.457 seconds
Platform modules already initialized, skipping
Registering precompiled user dll's ...
Registered in 0.001021 seconds.
Begin MonoManager ReloadAssembly
Native extension for WindowsStandalone target not found
Refreshing native plugins compatible for Editor in 0.26 ms, found 0 plugins.
Preloading 0 native plugins for Editor in 0.00 ms.
Mono: successfully reloaded assembly
- Completed reload, in  1.234 seconds
Platform modules already initialized, skipping
========================================================================
Worker process is ready to serve import requests
Launched and connected shader compiler UnityShaderCompiler.exe after 0.24 seconds
Refreshing native plugins compatible for Editor in 0.28 ms, found 0 plugins.
Preloading 0 native plugins for Editor in 0.00 ms.
Unloading 1119 Unused Serialized files (Serialized files now loaded: 0)
System memory in use before: 57.2 MB.
System memory in use after: 57.2 MB.

Unloading 11 unused Assets to reduce memory usage. Loaded Objects now: 1560.
Total: 2.393800 ms (FindLiveObjects: 0.185700 ms CreateObjectMapping: 0.040300 ms MarkObjects: 2.057600 ms  DeleteObjects: 0.108200 ms)

========================================================================
Received Import Request.
  path: Packages/com.unity.ext.nunit
  artifactKey: Guid(25a477c2f24db8778a4179421a32cc21) Importer(815301076,1909f56bfc062723c751e8b465ee728b)
Start importing Packages/com.unity.ext.nunit using Guid(25a477c2f24db8778a4179421a32cc21) Importer(815301076,1909f56bfc062723c751e8b465ee728b)  -> (artifact id: 'de8b3f671dc9f0a57b867a67d4aae8de') in 0.016556 seconds
  Import took 0.023034 seconds .

========================================================================
Received Import Request.
  Time since last request: 4.040424 seconds.
  path: Assets/Samples/Native WebSockets/1.1.1
  artifactKey: Guid(969bd3ae566daaa45aedf9c1be86a9df) Importer(815301076,1909f56bfc062723c751e8b465ee728b)
Start importing Assets/Samples/Native WebSockets/1.1.1 using Guid(969bd3ae566daaa45aedf9c1be86a9df) Importer(815301076,1909f56bfc062723c751e8b465ee728b)  -> (artifact id: '55d61de28c6b9a5fac9eaa8a7d1061df') in 0.014219 seconds
  Import took 0.017166 seconds .

========================================================================
Received Import Request.
  Time since last request: 0.793296 seconds.
  path: Assets/Samples/Native WebSockets/1.1.1/Example
  artifactKey: Guid(6cf59cdaceff0ac4f910f0cea3e84966) Importer(815301076,1909f56bfc062723c751e8b465ee728b)
Start importing Assets/Samples/Native WebSockets/1.1.1/Example using Guid(6cf59cdaceff0ac4f910f0cea3e84966) Importer(815301076,1909f56bfc062723c751e8b465ee728b)  -> (artifact id: 'cd1e133ceecdc0e94a74e1e55dc749f2') in 0.014075 seconds
  Import took 0.029285 seconds .

========================================================================
Received Import Request.
  Time since last request: 1.426900 seconds.
  path: Assets/Samples/Native WebSockets/1.1.1/Example/Connection.cs
  artifactKey: Guid(73f32155c3ef87a48aed7c18ab1f4b64) Importer(815301076,1909f56bfc062723c751e8b465ee728b)
Start importing Assets/Samples/Native WebSockets/1.1.1/Example/Connection.cs using Guid(73f32155c3ef87a48aed7c18ab1f4b64) Importer(815301076,1909f56bfc062723c751e8b465ee728b)  -> (artifact id: '5f45f9b055675f3ec70bef19b46b9af8') in 0.127214 seconds
  Import took 0.141355 seconds .

========================================================================
Received Import Request.
  Time since last request: 0.467948 seconds.
  path: Assets/Samples/Native WebSockets/1.1.1/Example/WebSocketExampleScene.unity
  artifactKey: Guid(9fc0d4010bbf28b4594072e72b8655ab) Importer(815301076,1909f56bfc062723c751e8b465ee728b)
Start importing Assets/Samples/Native WebSockets/1.1.1/Example/WebSocketExampleScene.unity using Guid(9fc0d4010bbf28b4594072e72b8655ab) Importer(815301076,1909f56bfc062723c751e8b465ee728b)  -> (artifact id: '44147b4b0f5b089792a7190114b882bb') in 0.027109 seconds
  Import took 0.033614 seconds .

========================================================================
Received Prepare
Registering precompiled user dll's ...
Registered in 0.000920 seconds.
Begin MonoManager ReloadAssembly
Native extension for WindowsStandalone target not found
Refreshing native plugins compatible for Editor in 0.26 ms, found 0 plugins.
Preloading 0 native plugins for Editor in 0.00 ms.
Mono: successfully reloaded assembly
- Completed reload, in  1.068 seconds
Platform modules already initialized, skipping
Refreshing native plugins compatible for Editor in 0.44 ms, found 0 plugins.
Preloading 0 native plugins for Editor in 0.00 ms.
Unloading 1114 Unused Serialized files (Serialized files now loaded: 0)
System memory in use before: 57.1 MB.
System memory in use after: 57.2 MB.

Unloading 6 unused Assets to reduce memory usage. Loaded Objects now: 1563.
Total: 3.547000 ms (FindLiveObjects: 0.256300 ms CreateObjectMapping: 0.048400 ms MarkObjects: 3.169000 ms  DeleteObjects: 0.071200 ms)

========================================================================
Received Import Request.
  Time since last request: 193.717021 seconds.
  path: Assets/Samples/Native WebSockets/1.1.1/Example/Connection.cs
  artifactKey: Guid(73f32155c3ef87a48aed7c18ab1f4b64) Importer(815301076,1909f56bfc062723c751e8b465ee728b)
Start importing Assets/Samples/Native WebSockets/1.1.1/Example/Connection.cs using Guid(73f32155c3ef87a48aed7c18ab1f4b64) Importer(815301076,1909f56bfc062723c751e8b465ee728b)  -> (artifact id: 'b08825240de2ca1a79fb413a61c51534') in 0.010746 seconds
  Import took 0.026974 seconds .

========================================================================
Received Prepare
Registering precompiled user dll's ...
Registered in 0.002990 seconds.
Begin MonoManager ReloadAssembly
Native extension for WindowsStandalone target not found
Refreshing native plugins compatible for Editor in 0.81 ms, found 0 plugins.
Preloading 0 native plugins for Editor in 0.00 ms.
Mono: successfully reloaded assembly
- Completed reload, in  1.848 seconds
Platform modules already initialized, skipping
Refreshing native plugins compatible for Editor in 0.55 ms, found 0 plugins.
Preloading 0 native plugins for Editor in 0.00 ms.
Unloading 1114 Unused Serialized files (Serialized files now loaded: 0)
System memory in use before: 57.2 MB.
System memory in use after: 57.2 MB.

Unloading 6 unused Assets to reduce memory usage. Loaded Objects now: 1566.
Total: 3.110100 ms (FindLiveObjects: 0.215200 ms CreateObjectMapping: 0.058000 ms MarkObjects: 2.685900 ms  DeleteObjects: 0.148100 ms)

========================================================================
Received Prepare
Registering precompiled user dll's ...
Registered in 0.000909 seconds.
Begin MonoManager ReloadAssembly
Native extension for WindowsStandalone target not found
Refreshing native plugins compatible for Editor in 0.29 ms, found 0 plugins.
Preloading 0 native plugins for Editor in 0.00 ms.
Mono: successfully reloaded assembly
- Completed reload, in  1.140 seconds
Platform modules already initialized, skipping
Refreshing native plugins compatible for Editor in 0.35 ms, found 0 plugins.
Preloading 0 native plugins for Editor in 0.00 ms.
Unloading 1114 Unused Serialized files (Serialized files now loaded: 0)
System memory in use before: 57.2 MB.
System memory in use after: 57.3 MB.

Unloading 6 unused Assets to reduce memory usage. Loaded Objects now: 1569.
Total: 2.678200 ms (FindLiveObjects: 0.176000 ms CreateObjectMapping: 0.036700 ms MarkObjects: 2.385500 ms  DeleteObjects: 0.078300 ms)

========================================================================
Received Import Request.
  Time since last request: 108.982166 seconds.
  path: Assets/Samples/Native WebSockets/1.1.1/Example/Connection.cs
  artifactKey: Guid(73f32155c3ef87a48aed7c18ab1f4b64) Importer(815301076,1909f56bfc062723c751e8b465ee728b)
Start importing Assets/Samples/Native WebSockets/1.1.1/Example/Connection.cs using Guid(73f32155c3ef87a48aed7c18ab1f4b64) Importer(815301076,1909f56bfc062723c751e8b465ee728b)  -> (artifact id: 'da9929ca486c8bbb2ae6f03d5edf2924') in 0.006187 seconds
  Import took 0.020662 seconds .

========================================================================
Received Import Request.
  Time since last request: 3699.137597 seconds.
  path: Assets
  artifactKey: Guid(00000000000000001000000000000000) Importer(815301076,1909f56bfc062723c751e8b465ee728b)
Start importing Assets using Guid(00000000000000001000000000000000) Importer(815301076,1909f56bfc062723c751e8b465ee728b)  -> (artifact id: '42d402b061de3733987d63b9cc3b64de') in 0.040751 seconds
  Import took 0.054932 seconds .

========================================================================
Received Prepare
Registering precompiled user dll's ...
Registered in 0.002956 seconds.
Begin MonoManager ReloadAssembly
Native extension for WindowsStandalone target not found
Refreshing native plugins compatible for Editor in 0.33 ms, found 0 plugins.
Preloading 0 native plugins for Editor in 0.00 ms.
Mono: successfully reloaded assembly
- Completed reload, in  1.053 seconds
Platform modules already initialized, skipping
Refreshing native plugins compatible for Editor in 0.29 ms, found 0 plugins.
Preloading 0 native plugins for Editor in 0.00 ms.
Unloading 1114 Unused Serialized files (Serialized files now loaded: 0)
System memory in use before: 57.2 MB.
System memory in use after: 57.3 MB.

Unloading 6 unused Assets to reduce memory usage. Loaded Objects now: 1572.
Total: 2.551600 ms (FindLiveObjects: 0.179600 ms CreateObjectMapping: 0.039100 ms MarkObjects: 2.248500 ms  DeleteObjects: 0.082400 ms)

========================================================================
Received Import Request.
  Time since last request: 101.753363 seconds.
  path: Assets/Scripts
  artifactKey: Guid(2e52af7cc48412c46a4a4cc72371204b) Importer(815301076,1909f56bfc062723c751e8b465ee728b)
Start importing Assets/Scripts using Guid(2e52af7cc48412c46a4a4cc72371204b) Importer(815301076,1909f56bfc062723c751e8b465ee728b)  -> (artifact id: '28e497f1f34b60801a71ce475b50e52d') in 0.016818 seconds
  Import took 0.033166 seconds .

========================================================================
Received Prepare
Registering precompiled user dll's ...
Registered in 0.000807 seconds.
Begin MonoManager ReloadAssembly
Native extension for WindowsStandalone target not found
Refreshing native plugins compatible for Editor in 0.29 ms, found 0 plugins.
Preloading 0 native plugins for Editor in 0.00 ms.
Mono: successfully reloaded assembly
- Completed reload, in  1.197 seconds
Platform modules already initialized, skipping
Refreshing native plugins compatible for Editor in 0.28 ms, found 0 plugins.
Preloading 0 native plugins for Editor in 0.00 ms.
Unloading 1114 Unused Serialized files (Serialized files now loaded: 0)
System memory in use before: 57.2 MB.
System memory in use after: 57.3 MB.

Unloading 6 unused Assets to reduce memory usage. Loaded Objects now: 1575.
Total: 2.743800 ms (FindLiveObjects: 0.219600 ms CreateObjectMapping: 0.050500 ms MarkObjects: 2.388400 ms  DeleteObjects: 0.083400 ms)

========================================================================
Received Import Request.
  Time since last request: 22.968837 seconds.
  path: Assets/Pipeline
  artifactKey: Guid(69ae54c34cc6b0b47a1b83078e29e0ba) Importer(815301076,1909f56bfc062723c751e8b465ee728b)
Start importing Assets/Pipeline using Guid(69ae54c34cc6b0b47a1b83078e29e0ba) Importer(815301076,1909f56bfc062723c751e8b465ee728b)  -> (artifact id: 'dc906705d9d0279383e97b9afc9fcb1f') in 0.026848 seconds
  Import took 0.041373 seconds .

========================================================================
Received Prepare
Registering precompiled user dll's ...
Registered in 0.000899 seconds.
Begin MonoManager ReloadAssembly
Native extension for WindowsStandalone target not found
Refreshing native plugins compatible for Editor in 0.31 ms, found 0 plugins.
Preloading 0 native plugins for Editor in 0.00 ms.
Mono: successfully reloaded assembly
- Completed reload, in  1.142 seconds
Platform modules already initialized, skipping
Refreshing native plugins compatible for Editor in 0.30 ms, found 0 plugins.
Preloading 0 native plugins for Editor in 0.00 ms.
Unloading 1114 Unused Serialized files (Serialized files now loaded: 0)
System memory in use before: 57.2 MB.
System memory in use after: 57.3 MB.

Unloading 6 unused Assets to reduce memory usage. Loaded Objects now: 1578.
Total: 2.471000 ms (FindLiveObjects: 0.181800 ms CreateObjectMapping: 0.039400 ms MarkObjects: 2.172900 ms  DeleteObjects: 0.075600 ms)

========================================================================
Received Prepare
Registering precompiled user dll's ...
Registered in 0.023231 seconds.
Begin MonoManager ReloadAssembly
Native extension for WindowsStandalone target not found
Refreshing native plugins compatible for Editor in 52.85 ms, found 0 plugins.
Preloading 0 native plugins for Editor in 0.00 ms.
Mono: successfully reloaded assembly
- Completed reload, in  1.705 seconds
Platform modules already initialized, skipping
Shader 'Universal Render Pipeline/Nature/SpeedTree7': dependency 'BillboardShader' shader 'Universal Render Pipeline/Nature/SpeedTree7 Billboard' not found
Shader 'Universal Render Pipeline/Baked Lit': fallback shader 'Universal Render Pipeline/Unlit' not found
Shader 'Universal Render Pipeline/Simple Lit': fallback shader 'Hidden/Universal Render Pipeline/FallbackError' not found
Shader 'Universal Render Pipeline/Terrain/Lit': fallback shader 'Hidden/Universal Render Pipeline/FallbackError' not found
Shader 'Universal Render Pipeline/Terrain/Lit': dependency 'AddPassShader' shader 'Hidden/Universal Render Pipeline/Terrain/Lit (Add Pass)' not found
Shader 'Universal Render Pipeline/Terrain/Lit': dependency 'BaseMapShader' shader 'Hidden/Universal Render Pipeline/Terrain/Lit (Base Pass)' not found
Shader 'Universal Render Pipeline/Terrain/Lit': dependency 'BaseMapGenShader' shader 'Hidden/Universal Render Pipeline/Terrain/Lit (Basemap Gen)' not found
Shader 'Hidden/Universal Render Pipeline/Terrain/Lit (Add Pass)': fallback shader 'Hidden/Universal Render Pipeline/FallbackError' not found
Shader 'Hidden/Universal Render Pipeline/Terrain/Lit (Base Pass)': fallback shader 'Hidden/Universal Render Pipeline/FallbackError' not found
Shader 'Universal Render Pipeline/Particles/Lit': fallback shader 'Universal Render Pipeline/Particles/SimpleLit' not found
Shader 'Universal Render Pipeline/Particles/Lit': fallback shader 'Universal Render Pipeline/Particles/SimpleLit' not found
Refreshing native plugins compatible for Editor in 0.57 ms, found 0 plugins.
Preloading 0 native plugins for Editor in 0.00 ms.
Unloading 2369 Unused Serialized files (Serialized files now loaded: 0)
System memory in use before: 107.7 MB.
System memory in use after: 103.4 MB.

Unloading 63 unused Assets to reduce memory usage. Loaded Objects now: 2779.
Total: 6.547800 ms (FindLiveObjects: 0.361400 ms CreateObjectMapping: 0.098700 ms MarkObjects: 2.981600 ms  DeleteObjects: 3.103900 ms)

========================================================================
Received Import Request.
  Time since last request: 2601.473900 seconds.
  path: Assets/Pipeline/2D Renderer Data.asset
  artifactKey: Guid(6c07e6fa5b64c1248bb70f767ce1a89b) Importer(815301076,1909f56bfc062723c751e8b465ee728b)
Start importing Assets/Pipeline/2D Renderer Data.asset using Guid(6c07e6fa5b64c1248bb70f767ce1a89b) Importer(815301076,1909f56bfc062723c751e8b465ee728b)  -> (artifact id: '6bd32a740f3cc3f46f7c7358440a455c') in 2.241793 seconds
  Import took 2.261215 seconds .

========================================================================
Received Import Request.
  Time since last request: 5.263577 seconds.
  path: Assets/Pipeline/2D Renderer Data.asset
  artifactKey: Guid(6c07e6fa5b64c1248bb70f767ce1a89b) Importer(815301076,1909f56bfc062723c751e8b465ee728b)
Start importing Assets/Pipeline/2D Renderer Data.asset using Guid(6c07e6fa5b64c1248bb70f767ce1a89b) Importer(815301076,1909f56bfc062723c751e8b465ee728b)  -> (artifact id: '6bd32a740f3cc3f46f7c7358440a455c') in 0.044093 seconds
  Import took 0.052105 seconds .

========================================================================
Received Import Request.
  Time since last request: 1.667742 seconds.
  path: Assets/Pipeline/UniversalRenderPipelineAsset.asset
  artifactKey: Guid(702efc652d1047e4baca47d4860b0aa7) Importer(815301076,1909f56bfc062723c751e8b465ee728b)
Start importing Assets/Pipeline/UniversalRenderPipelineAsset.asset using Guid(702efc652d1047e4baca47d4860b0aa7) Importer(815301076,1909f56bfc062723c751e8b465ee728b)  -> (artifact id: '641a093d3e83fde2be184b44c15f6fba') in 0.183016 seconds
  Import took 0.190011 seconds .

========================================================================
Received Import Request.
  Time since last request: 0.000228 seconds.
  path: Assets/Pipeline/UniversalRenderPipelineAsset_Renderer.asset
  artifactKey: Guid(da6c19c2e6af32d4db93f7c2e8781561) Importer(815301076,1909f56bfc062723c751e8b465ee728b)
Start importing Assets/Pipeline/UniversalRenderPipelineAsset_Renderer.asset using Guid(da6c19c2e6af32d4db93f7c2e8781561) Importer(815301076,1909f56bfc062723c751e8b465ee728b)  -> (artifact id: 'e41e2370584df8d0bcaf0cf5b55b8610') in 0.059729 seconds
  Import took 0.066050 seconds .

========================================================================
Received Prepare
Switching render pipeline 00000000000000000000000000000000 -> 702efc652d1047e4baca47d4860b0aa7
Shader 'Universal Render Pipeline/Particles/Lit': fallback shader 'Universal Render Pipeline/Particles/SimpleLit' not found
Shader 'Universal Render Pipeline/Particles/Lit': fallback shader 'Universal Render Pipeline/Particles/SimpleLit' not found
Refreshing native plugins compatible for Editor in 2.24 ms, found 0 plugins.
Preloading 0 native plugins for Editor in 0.00 ms.
Unloading 109 Unused Serialized files (Serialized files now loaded: 0)
System memory in use before: 66.9 MB.
System memory in use after: 63.8 MB.

Unloading 41 unused Assets to reduce memory usage. Loaded Objects now: 2847.
Total: 5.934800 ms (FindLiveObjects: 0.322400 ms CreateObjectMapping: 0.080700 ms MarkObjects: 3.285800 ms  DeleteObjects: 2.243800 ms)

AssetImportParameters requested are different than current active one (requested -> active):
  custom:srp/default-shader: 0000e00a000e0de00000e000e02d0000 -> 0000e00a000e0de00000e000e0000000
========================================================================
Received Prepare
Registering precompiled user dll's ...
Registered in 0.002595 seconds.
Begin MonoManager ReloadAssembly
Native extension for WindowsStandalone target not found
Refreshing native plugins compatible for Editor in 50.09 ms, found 0 plugins.
Preloading 0 native plugins for Editor in 0.00 ms.
Mono: successfully reloaded assembly
- Completed reload, in  3.812 seconds
Platform modules already initialized, skipping
Shader 'Universal Render Pipeline/Particles/Lit': fallback shader 'Universal Render Pipeline/Particles/SimpleLit' not found
Shader 'Universal Render Pipeline/Particles/Lit': fallback shader 'Universal Render Pipeline/Particles/SimpleLit' not found
Refreshing native plugins compatible for Editor in 0.62 ms, found 0 plugins.
Preloading 0 native plugins for Editor in 0.00 ms.
Unloading 2499 Unused Serialized files (Serialized files now loaded: 0)
System memory in use before: 113.5 MB.
System memory in use after: 110.8 MB.

Unloading 42 unused Assets to reduce memory usage. Loaded Objects now: 3001.
Total: 5.187600 ms (FindLiveObjects: 0.360700 ms CreateObjectMapping: 0.090700 ms MarkObjects: 2.605000 ms  DeleteObjects: 2.128800 ms)

AssetImportParameters requested are different than current active one (requested -> active):
  custom:srp/default-shader: 0000e00a000e0de00000e000e02d0000 -> 0000e00a000e0de00000e000e0000000
========================================================================
Received Import Request.
  Time since last request: 9344.651564 seconds.
  path: Assets/TilesBase.png
  artifactKey: Guid(9702edc830898e44ea54b11079352397) Importer(815301076,1909f56bfc062723c751e8b465ee728b)
Start importing Assets/TilesBase.png using Guid(9702edc830898e44ea54b11079352397) Importer(815301076,1909f56bfc062723c751e8b465ee728b)  -> (artifact id: '9849c7b427ec2feba1cf1b105361a26b') in 0.511849 seconds
  Import took 0.517488 seconds .

========================================================================
Received Import Request.
  Time since last request: 58.836318 seconds.
  path: Assets/TilesBase.png
  artifactKey: Guid(9702edc830898e44ea54b11079352397) Importer(815301076,1909f56bfc062723c751e8b465ee728b)
Start importing Assets/TilesBase.png using Guid(9702edc830898e44ea54b11079352397) Importer(815301076,1909f56bfc062723c751e8b465ee728b)  -> (artifact id: '6c11c9ddeaa07b9403b13be669e8ccfc') in 0.034888 seconds
  Import took 0.042469 seconds .

========================================================================
Received Import Request.
  Time since last request: 9.121421 seconds.
  path: Assets/TilesBase_Normal.png
  artifactKey: Guid(ab1e77e2dde016a48a8d057432e29350) Importer(815301076,1909f56bfc062723c751e8b465ee728b)
Start importing Assets/TilesBase_Normal.png using Guid(ab1e77e2dde016a48a8d057432e29350) Importer(815301076,1909f56bfc062723c751e8b465ee728b)  -> (artifact id: '4d56acf30bbc709d06c0231578c58a4b') in 0.053159 seconds
  Import took 0.058662 seconds .

========================================================================
Received Import Request.
  Time since last request: 20.744689 seconds.
  path: Assets/TilesBase_Normal.png
  artifactKey: Guid(ab1e77e2dde016a48a8d057432e29350) Importer(815301076,1909f56bfc062723c751e8b465ee728b)
Start importing Assets/TilesBase_Normal.png using Guid(ab1e77e2dde016a48a8d057432e29350) Importer(815301076,1909f56bfc062723c751e8b465ee728b)  -> (artifact id: '60dad1376ae05ab2b8ecc896d3806edb') in 0.015492 seconds
  Import took 0.020793 seconds .

========================================================================
Received Prepare
Registering precompiled user dll's ...
Registered in 0.001900 seconds.
Begin MonoManager ReloadAssembly
Native extension for WindowsStandalone target not found
Refreshing native plugins compatible for Editor in 0.58 ms, found 0 plugins.
Preloading 0 native plugins for Editor in 0.00 ms.
Mono: successfully reloaded assembly
- Completed reload, in  2.182 seconds
Platform modules already initialized, skipping
Shader 'Universal Render Pipeline/Particles/Lit': fallback shader 'Universal Render Pipeline/Particles/SimpleLit' not found
Shader 'Universal Render Pipeline/Particles/Lit': fallback shader 'Universal Render Pipeline/Particles/SimpleLit' not found
Refreshing native plugins compatible for Editor in 0.61 ms, found 0 plugins.
Preloading 0 native plugins for Editor in 0.00 ms.
Unloading 2532 Unused Serialized files (Serialized files now loaded: 0)
System memory in use before: 114.6 MB.
System memory in use after: 111.8 MB.

Unloading 42 unused Assets to reduce memory usage. Loaded Objects now: 3040.
Total: 5.756000 ms (FindLiveObjects: 0.379000 ms CreateObjectMapping: 0.110400 ms MarkObjects: 2.923400 ms  DeleteObjects: 2.340900 ms)

AssetImportParameters requested are different than current active one (requested -> active):
  custom:srp/default-shader: 0000e00a000e0de00000e000e02d0000 -> 0000e00a000e0de00000e000e0000000
========================================================================
Received Import Request.
  Time since last request: 103.340928 seconds.
  path: Assets/TileBase.tsx
  artifactKey: Guid(c4e1614be1812da489415fb39bf2e5db) Importer(815301076,1909f56bfc062723c751e8b465ee728b)
Start importing Assets/TileBase.tsx using Guid(c4e1614be1812da489415fb39bf2e5db) Importer(815301076,1909f56bfc062723c751e8b465ee728b)  -> (artifact id: '61b7e9f9e111fa1c22975032e425020c') in 0.570083 seconds
  Import took 0.578213 seconds .

========================================================================
Received Import Request.
  Time since last request: 0.000246 seconds.
  path: Assets/SuperTiled2Unity/Icons/tx-file-icon-0x1badd00d.png
  artifactKey: Guid(8917742d33b8e744f91ec41c4dbb44bc) Importer(815301076,1909f56bfc062723c751e8b465ee728b)
Start importing Assets/SuperTiled2Unity/Icons/tx-file-icon-0x1badd00d.png using Guid(8917742d33b8e744f91ec41c4dbb44bc) Importer(815301076,1909f56bfc062723c751e8b465ee728b)  -> (artifact id: 'cf3f155c60957b13b60d61485c41ee9e') in 0.270951 seconds
  Import took 0.276325 seconds .

========================================================================
Received Import Request.
  Time since last request: 0.000238 seconds.
  path: Assets/SuperTiled2Unity/Icons/tsx-file-icon-0x1badd00d.png
  artifactKey: Guid(456cd7fe3f53df64da488af63fed1de2) Importer(815301076,1909f56bfc062723c751e8b465ee728b)
Start importing Assets/SuperTiled2Unity/Icons/tsx-file-icon-0x1badd00d.png using Guid(456cd7fe3f53df64da488af63fed1de2) Importer(815301076,1909f56bfc062723c751e8b465ee728b)  -> (artifact id: '75f3438e11dd5aa45b00b880e035e483') in 0.055084 seconds
  Import took 0.060145 seconds .

========================================================================
Received Import Request.
  Time since last request: 0.000280 seconds.
  path: Assets/SuperTiled2Unity/Icons/tiled-settings-icon-0x1badd00d.png
  artifactKey: Guid(0016a15d29ea344499f092ce94b25a68) Importer(815301076,1909f56bfc062723c751e8b465ee728b)
Start importing Assets/SuperTiled2Unity/Icons/tiled-settings-icon-0x1badd00d.png using Guid(0016a15d29ea344499f092ce94b25a68) Importer(815301076,1909f56bfc062723c751e8b465ee728b)  -> (artifact id: '439265a49eebb4507121d33e10d55766') in 0.046100 seconds
  Import took 0.051920 seconds .

========================================================================
Received Import Request.
  Time since last request: 0.000265 seconds.
  path: Assets/SuperTiled2Unity/Icons/tmx-file-icon-0x1badd00d.png
  artifactKey: Guid(3bbe1872cdca28840b24eb648e071bcb) Importer(815301076,1909f56bfc062723c751e8b465ee728b)
Start importing Assets/SuperTiled2Unity/Icons/tmx-file-icon-0x1badd00d.png using Guid(3bbe1872cdca28840b24eb648e071bcb) Importer(815301076,1909f56bfc062723c751e8b465ee728b)  -> (artifact id: 'd5a4d426287ee5f648189136a2698126') in 0.081993 seconds
  Import took 0.086885 seconds .

========================================================================
Received Import Request.
  Time since last request: 0.000273 seconds.
  path: Assets/TileBase.tsx
  artifactKey: Guid(c4e1614be1812da489415fb39bf2e5db) Importer(815301076,1909f56bfc062723c751e8b465ee728b)
Start importing Assets/TileBase.tsx using Guid(c4e1614be1812da489415fb39bf2e5db) Importer(815301076,1909f56bfc062723c751e8b465ee728b)  -> (artifact id: '61b7e9f9e111fa1c22975032e425020c') in 0.039347 seconds
  Import took 0.047016 seconds .

========================================================================
Received Import Request.
  Time since last request: 0.000294 seconds.
  path: Assets/SuperTiled2Unity/Icons/world-file-icon-0x1badd00d.png
  artifactKey: Guid(f7af46740b1964f4ab9520d050bdde12) Importer(815301076,1909f56bfc062723c751e8b465ee728b)
Start importing Assets/SuperTiled2Unity/Icons/world-file-icon-0x1badd00d.png using Guid(f7af46740b1964f4ab9520d050bdde12) Importer(815301076,1909f56bfc062723c751e8b465ee728b)  -> (artifact id: '15eb2a6836dac4e93474cc8a5673de24') in 0.036861 seconds
  Import took 0.042152 seconds .

========================================================================
Received Import Request.
  Time since last request: 5.407904 seconds.
  path: Assets/TilesBase.png
  artifactKey: Guid(9702edc830898e44ea54b11079352397) Importer(815301076,1909f56bfc062723c751e8b465ee728b)
Start importing Assets/TilesBase.png using Guid(9702edc830898e44ea54b11079352397) Importer(815301076,1909f56bfc062723c751e8b465ee728b)  -> (artifact id: '8811d7c9608b0bd13814c2a9b1f31026') in 0.136437 seconds
  Import took 0.145125 seconds .

========================================================================
Received Import Request.
  Time since last request: 72.658039 seconds.
  path: Assets/TilesBase.png
  artifactKey: Guid(9702edc830898e44ea54b11079352397) Importer(815301076,1909f56bfc062723c751e8b465ee728b)
Start importing Assets/TilesBase.png using Guid(9702edc830898e44ea54b11079352397) Importer(815301076,1909f56bfc062723c751e8b465ee728b)  -> (artifact id: '44c55a93cfb2ed4b81a6a7b5266f2a49') in 0.017181 seconds
  Import took 0.023324 seconds .

========================================================================
Received Import Request.
  Time since last request: 4.254370 seconds.
  path: Assets/TilesBase_Normal.png
  artifactKey: Guid(ab1e77e2dde016a48a8d057432e29350) Importer(815301076,1909f56bfc062723c751e8b465ee728b)
Start importing Assets/TilesBase_Normal.png using Guid(ab1e77e2dde016a48a8d057432e29350) Importer(815301076,1909f56bfc062723c751e8b465ee728b)  -> (artifact id: '6efd80b49a323e5d9e62b834490456a4') in 0.021396 seconds
  Import took 0.027215 seconds .

========================================================================
Received Import Request.
  Time since last request: 80.145227 seconds.
  path: Assets/TilesBase.png
  artifactKey: Guid(9702edc830898e44ea54b11079352397) Importer(815301076,1909f56bfc062723c751e8b465ee728b)
Start importing Assets/TilesBase.png using Guid(9702edc830898e44ea54b11079352397) Importer(815301076,1909f56bfc062723c751e8b465ee728b)  -> (artifact id: '11a1c71dc1a81df17ccf907052a76c32') in 0.010294 seconds
  Import took 0.016342 seconds .

========================================================================
Received Import Request.
  Time since last request: 629.444502 seconds.
  path: Assets/TilesBase_Normal.png
  artifactKey: Guid(ab1e77e2dde016a48a8d057432e29350) Importer(815301076,1909f56bfc062723c751e8b465ee728b)
Start importing Assets/TilesBase_Normal.png using Guid(ab1e77e2dde016a48a8d057432e29350) Importer(815301076,1909f56bfc062723c751e8b465ee728b)  -> (artifact id: 'f05c252ccb1aa530693c9f93d963fb30') in 0.062066 seconds
  Import took 0.068808 seconds .

========================================================================
Received Import Request.
  Time since last request: 18.530243 seconds.
  path: Assets/TilesBase.aseprite
  artifactKey: Guid(47794c57c275e314bb6d2986cf6bd7d3) Importer(815301076,1909f56bfc062723c751e8b465ee728b)
Start importing Assets/TilesBase.aseprite using Guid(47794c57c275e314bb6d2986cf6bd7d3) Importer(815301076,1909f56bfc062723c751e8b465ee728b)  -> (artifact id: 'd3879b39b414a3ac84dc997119363e95') in 0.019481 seconds
  Import took 0.025790 seconds .

========================================================================
Received Import Request.
  Time since last request: 2809.738055 seconds.
  path: Assets/TileBase.tsx
  artifactKey: Guid(c4e1614be1812da489415fb39bf2e5db) Importer(815301076,1909f56bfc062723c751e8b465ee728b)
Start importing Assets/TileBase.tsx using Guid(c4e1614be1812da489415fb39bf2e5db) Importer(815301076,1909f56bfc062723c751e8b465ee728b)  -> (artifact id: 'bebb150cc15d84bf0ba07b0a5abe7780') in 0.507174 seconds
  Import took 0.541468 seconds .

========================================================================
Received Import Request.
  Time since last request: 0.012344 seconds.
  path: Assets/TileBase.tmx
  artifactKey: Guid(c26066bee3266484ab110afff550a86b) Importer(815301076,1909f56bfc062723c751e8b465ee728b)
Start importing Assets/TileBase.tmx using Guid(c26066bee3266484ab110afff550a86b) Importer(815301076,1909f56bfc062723c751e8b465ee728b)  -> (artifact id: 'c84a08982215d9ce54ea2358f3264d8f') in 0.236604 seconds
  Import took 0.242413 seconds .

AssetImportWorkerClient::OnTransportError - code=2 error=End of file
